Using pre-set license
Built from '2020.3/staging' branch; Version is '2020.3.5f1 (8095aa901b9b) revision 8426922'; Using compiler version '192528614'; Build Type 'Release'
OS: 'Windows 10 Home Single Language; OS build 19043.1288; Version 2009; 64bit' Language: 'en' Physical Memory: 16182 MB
BatchMode: 1, IsHumanControllingUs: 0, StartBugReporterOnCrash: 0, Is64bit: 1, IsPro: 0

 COMMAND LINE ARGUMENTS:
C:\Program Files\Unity\Hub\Editor\2020.3.5f1\Editor\Unity.exe
-adb2
-batchMode
-noUpm
-name
AssetImportWorker0
-projectPath
E:/UnityProjects/AR Diwali Project
-logFile
Logs/AssetImportWorker0.log
-srvPort
58851
Successfully changed project path to: E:/UnityProjects/AR Diwali Project
E:/UnityProjects/AR Diwali Project
Using Asset Import Pipeline V2.
Refreshing native plugins compatible for Editor in 85.67 ms, found 0 plugins.
Preloading 0 native plugins for Editor in 0.00 ms.
Initialize engine version: 2020.3.5f1 (8095aa901b9b)
[Subsystems] Discovering subsystems at path C:/Program Files/Unity/Hub/Editor/2020.3.5f1/Editor/Data/Resources/UnitySubsystems
[Subsystems] Discovering subsystems at path E:/UnityProjects/AR Diwali Project/Assets
GfxDevice: creating device client; threaded=0
Direct3D:
    Version:  Direct3D 11.0 [level 11.1]
    Renderer: NVIDIA GeForce MX250 (ID=0x1d52)
    Vendor:   
    VRAM:     1983 MB
    Driver:   27.21.14.6259
Initialize mono
Mono path[0] = 'C:/Program Files/Unity/Hub/Editor/2020.3.5f1/Editor/Data/Managed'
Mono path[1] = 'C:/Program Files/Unity/Hub/Editor/2020.3.5f1/Editor/Data/MonoBleedingEdge/lib/mono/unityjit'
Mono config path = 'C:/Program Files/Unity/Hub/Editor/2020.3.5f1/Editor/Data/MonoBleedingEdge/etc'
Using monoOptions --debugger-agent=transport=dt_socket,embedding=1,server=y,suspend=n,address=127.0.0.1:56696
Begin MonoManager ReloadAssembly
Registering precompiled unity dll's ...
Register platform support module: C:/Program Files/Unity/Hub/Editor/2020.3.5f1/Editor/Data/PlaybackEngines/WindowsStandaloneSupport/UnityEditor.WindowsStandalone.Extensions.dll
Registered in 0.004655 seconds.
Native extension for WindowsStandalone target not found
Refreshing native plugins compatible for Editor in 78.50 ms, found 0 plugins.
Preloading 0 native plugins for Editor in 0.00 ms.
Mono: successfully reloaded assembly
- Completed reload, in  3.402 seconds
Platform modules already initialized, skipping
Registering precompiled user dll's ...
Registered in 0.001338 seconds.
Begin MonoManager ReloadAssembly
Native extension for WindowsStandalone target not found
Refreshing native plugins compatible for Editor in 0.68 ms, found 0 plugins.
Preloading 0 native plugins for Editor in 0.00 ms.
Mono: successfully reloaded assembly
- Completed reload, in  2.108 seconds
Platform modules already initialized, skipping
========================================================================
Worker process is ready to serve import requests
Launched and connected shader compiler UnityShaderCompiler.exe after 0.09 seconds
Refreshing native plugins compatible for Editor in 0.54 ms, found 0 plugins.
Preloading 0 native plugins for Editor in 0.00 ms.
Unloading 1438 Unused Serialized files (Serialized files now loaded: 0)
System memory in use before: 66.7 MB.
System memory in use after: 66.7 MB.

Unloading 12 unused Assets to reduce memory usage. Loaded Objects now: 1880.
Total: 4.641700 ms (FindLiveObjects: 0.364200 ms CreateObjectMapping: 0.176000 ms MarkObjects: 3.890500 ms  DeleteObjects: 0.208500 ms)

========================================================================
Received Import Request.
  path: Assets
  artifactKey: Guid(00000000000000001000000000000000) Importer(815301076,1909f56bfc062723c751e8b465ee728b)
Start importing Assets using Guid(00000000000000001000000000000000) Importer(815301076,1909f56bfc062723c751e8b465ee728b)  -> (artifact id: 'e4856052512617ee48189cf1d7999900') in 0.023298 seconds
  Import took 0.029536 seconds .

========================================================================
Received Import Request.
  Time since last request: 5.599106 seconds.
  path: Assets/Material
  artifactKey: Guid(86a7fb6da3b659b409ce445153e97516) Importer(815301076,1909f56bfc062723c751e8b465ee728b)
Start importing Assets/Material using Guid(86a7fb6da3b659b409ce445153e97516) Importer(815301076,1909f56bfc062723c751e8b465ee728b)  -> (artifact id: '3b8654ff6764c8e4c4fc78fcf6ea817a') in 0.029827 seconds
  Import took 0.039089 seconds .

========================================================================
Received Import Request.
  Time since last request: 0.005300 seconds.
  path: Assets/Material
  artifactKey: Guid(86a7fb6da3b659b409ce445153e97516) Importer(815301076,1909f56bfc062723c751e8b465ee728b)
Start importing Assets/Material using Guid(86a7fb6da3b659b409ce445153e97516) Importer(815301076,1909f56bfc062723c751e8b465ee728b)  -> (artifact id: '3b8654ff6764c8e4c4fc78fcf6ea817a') in 0.005094 seconds
  Import took 0.013600 seconds .

========================================================================
Received Import Request.
  Time since last request: 46.784630 seconds.
  path: Assets/Material/Plane Color.mat
  artifactKey: Guid(4c31e173c63d3ae44acd176cf9aeee41) Importer(815301076,1909f56bfc062723c751e8b465ee728b)
Start importing Assets/Material/Plane Color.mat using Guid(4c31e173c63d3ae44acd176cf9aeee41) Importer(815301076,1909f56bfc062723c751e8b465ee728b)  -> (artifact id: '1ba1356b91b05866c5d42c4123b6365f') in 0.377406 seconds
  Import took 0.384741 seconds .

========================================================================
Received Import Request.
  Time since last request: 84.147514 seconds.
  path: Assets/Prefab
  artifactKey: Guid(179180af99b13484a9de572d726113cf) Importer(815301076,1909f56bfc062723c751e8b465ee728b)
Start importing Assets/Prefab using Guid(179180af99b13484a9de572d726113cf) Importer(815301076,1909f56bfc062723c751e8b465ee728b)  -> (artifact id: '44bb04cf47ece31d77a099b27757944e') in 0.008986 seconds
  Import took 0.013233 seconds .

========================================================================
Received Import Request.
  Time since last request: 4.478936 seconds.
  path: Assets/Prefab/AR Plane.prefab
  artifactKey: Guid(8a1714a79a73f324a8155b406827de7c) Importer(815301076,1909f56bfc062723c751e8b465ee728b)
Start importing Assets/Prefab/AR Plane.prefab using Guid(8a1714a79a73f324a8155b406827de7c) Importer(815301076,1909f56bfc062723c751e8b465ee728b)  -> (artifact id: '4f3a626204b7e8a3660d0a34ba1922f5') in 0.032187 seconds
  Import took 0.036471 seconds .

========================================================================
Received Import Request.
  Time since last request: 0.011131 seconds.
  path: Assets/Prefab/AR Plane.prefab
  artifactKey: Guid(8a1714a79a73f324a8155b406827de7c) Importer(815301076,1909f56bfc062723c751e8b465ee728b)
Start importing Assets/Prefab/AR Plane.prefab using Guid(8a1714a79a73f324a8155b406827de7c) Importer(815301076,1909f56bfc062723c751e8b465ee728b)  -> (artifact id: '4f3a626204b7e8a3660d0a34ba1922f5') in 0.003634 seconds
  Import took 0.007224 seconds .

========================================================================
Received Prepare
Refreshing native plugins compatible for Editor in 0.86 ms, found 0 plugins.
Preloading 0 native plugins for Editor in 0.00 ms.
Unloading 4 Unused Serialized files (Serialized files now loaded: 0)
System memory in use before: 41.5 MB.
System memory in use after: 41.5 MB.

Unloading 4 unused Assets to reduce memory usage. Loaded Objects now: 1920.
Total: 4.134600 ms (FindLiveObjects: 0.333900 ms CreateObjectMapping: 0.130100 ms MarkObjects: 3.584600 ms  DeleteObjects: 0.083900 ms)

AssetImportWorkerClient::OnTransportError - code=2 error=End of file
